{"level":"info","message":"Database connection established successfully.","service":"user-service","timestamp":"2026-02-15T02:12:08.907Z"}
{"level":"info","message":"Server is running on port 3000","service":"user-service","timestamp":"2026-02-15T02:12:08.925Z"}
{"level":"info","message":"Database connection established successfully.","service":"user-service","timestamp":"2026-02-15T02:46:09.365Z"}
{"level":"info","message":"Server is running on port 3000","service":"user-service","timestamp":"2026-02-15T02:46:09.375Z"}
{"level":"info","message":"Database connection established successfully.","service":"user-service","timestamp":"2026-02-15T02:47:02.690Z"}
{"level":"info","message":"Server is running on port 3000","service":"user-service","timestamp":"2026-02-15T02:47:02.703Z"}
{"level":"info","message":"Database connection established successfully.","service":"user-service","timestamp":"2026-02-15T02:48:54.331Z"}
{"level":"info","message":"Server is running on port 3000","service":"user-service","timestamp":"2026-02-15T02:48:54.342Z"}
{"level":"info","message":"::1 - - [15/Feb/2026:02:49:03 +0000] \"POST /api/v1/users/register HTTP/1.1\" 201 684 \"-\" \"node\"","service":"user-service","timestamp":"2026-02-15T02:49:03.614Z"}
{"level":"info","message":"Database connection established successfully.","service":"user-service","timestamp":"2026-02-15T04:46:14.379Z"}
{"level":"info","message":"Server is running on port 3000","service":"user-service","timestamp":"2026-02-15T04:46:14.402Z"}
{"level":"info","message":"::1 - - [15/Feb/2026:04:46:21 +0000] \"POST /api/v1/users/register HTTP/1.1\" 201 684 \"-\" \"node\"","service":"user-service","timestamp":"2026-02-15T04:46:21.447Z"}
{"level":"info","message":"Database connection established successfully.","service":"user-service","timestamp":"2026-02-15T04:47:34.460Z"}
{"level":"info","message":"Server is running on port 3000","service":"user-service","timestamp":"2026-02-15T04:47:34.470Z"}
{"level":"info","message":"Database connection established successfully.","service":"user-service","timestamp":"2026-02-15T04:51:19.651Z"}
{"level":"info","message":"Server is running on port 3000","service":"user-service","timestamp":"2026-02-15T04:51:19.667Z"}
{"level":"info","message":"Database connection established successfully.","service":"user-service","timestamp":"2026-02-15T04:51:52.687Z"}
{"level":"info","message":"Server is running on port 3000","service":"user-service","timestamp":"2026-02-15T04:51:52.701Z"}
{"level":"info","message":"Database connection established successfully.","service":"user-service","timestamp":"2026-02-15T04:51:59.124Z"}
{"level":"info","message":"Server is running on port 3000","service":"user-service","timestamp":"2026-02-15T04:51:59.141Z"}
{"level":"info","message":"::1 - - [15/Feb/2026:04:52:07 +0000] \"POST /api/v1/users/register HTTP/1.1\" 201 684 \"-\" \"node\"","service":"user-service","timestamp":"2026-02-15T04:52:07.839Z"}
{"level":"info","message":"::1 - - [15/Feb/2026:04:52:07 +0000] \"POST /api/v1/users/register HTTP/1.1\" 400 45 \"-\" \"node\"","service":"user-service","timestamp":"2026-02-15T04:52:07.876Z"}
{"level":"info","message":"::1 - - [15/Feb/2026:04:52:07 +0000] \"POST /api/v1/users/register HTTP/1.1\" 400 68 \"-\" \"node\"","service":"user-service","timestamp":"2026-02-15T04:52:07.900Z"}
{"level":"info","message":"::1 - - [15/Feb/2026:04:52:07 +0000] \"POST /api/v1/users/register HTTP/1.1\" 400 44 \"-\" \"node\"","service":"user-service","timestamp":"2026-02-15T04:52:07.917Z"}
{"level":"info","message":"Database connection established successfully.","service":"user-service","timestamp":"2026-02-15T04:54:18.199Z"}
{"level":"info","message":"Server is running on port 3000","service":"user-service","timestamp":"2026-02-15T04:54:18.213Z"}
{"level":"info","message":"Database connection established successfully.","service":"user-service","timestamp":"2026-02-15T04:54:50.896Z"}
{"level":"info","message":"Server is running on port 3000","service":"user-service","timestamp":"2026-02-15T04:54:50.905Z"}
{"level":"info","message":"Database connection established successfully.","service":"user-service","timestamp":"2026-02-15T04:59:21.148Z"}
{"level":"info","message":"Server is running on port 3000","service":"user-service","timestamp":"2026-02-15T04:59:21.166Z"}
{"level":"info","message":"Database connection established successfully.","service":"user-service","timestamp":"2026-02-15T04:59:31.394Z"}
{"level":"info","message":"Server is running on port 3000","service":"user-service","timestamp":"2026-02-15T04:59:31.402Z"}
{"level":"info","message":"::1 - - [15/Feb/2026:04:59:41 +0000] \"POST /api/v1/users/register HTTP/1.1\" 201 705 \"-\" \"node\"","service":"user-service","timestamp":"2026-02-15T04:59:41.596Z"}
{"level":"info","message":"Database connection established successfully.","service":"user-service","timestamp":"2026-02-15T05:00:08.219Z"}
{"level":"info","message":"Server is running on port 3000","service":"user-service","timestamp":"2026-02-15T05:00:08.230Z"}
{"level":"info","message":"::1 - - [15/Feb/2026:05:00:17 +0000] \"POST /api/v1/users/register HTTP/1.1\" 201 705 \"-\" \"node\"","service":"user-service","timestamp":"2026-02-15T05:00:17.125Z"}
{"level":"info","message":"Database connection established successfully.","service":"user-service","timestamp":"2026-02-15T05:00:50.899Z"}
{"level":"info","message":"Server is running on port 3000","service":"user-service","timestamp":"2026-02-15T05:00:50.912Z"}
{"level":"info","message":"::1 - - [15/Feb/2026:05:00:56 +0000] \"POST /api/v1/users/register HTTP/1.1\" 201 631 \"-\" \"node\"","service":"user-service","timestamp":"2026-02-15T05:00:56.264Z"}
{"level":"info","message":"Database connection established successfully.","service":"user-service","timestamp":"2026-02-15T05:01:27.396Z"}
{"level":"info","message":"Server is running on port 3000","service":"user-service","timestamp":"2026-02-15T05:01:27.409Z"}
{"level":"info","message":"Database connection established successfully.","service":"user-service","timestamp":"2026-02-15T05:02:57.581Z"}
{"level":"info","message":"Server is running on port 3000","service":"user-service","timestamp":"2026-02-15T05:02:57.596Z"}
{"level":"info","message":"Database connection established successfully.","service":"user-service","timestamp":"2026-02-15T05:09:46.541Z"}
{"level":"info","message":"Server is running on port 3000","service":"user-service","timestamp":"2026-02-15T05:09:46.556Z"}
{"level":"info","message":"Database connection established successfully.","service":"user-service","timestamp":"2026-02-15T05:09:58.963Z"}
{"level":"info","message":"Server is running on port 3000","service":"user-service","timestamp":"2026-02-15T05:09:58.972Z"}
{"level":"info","message":"Database connection established successfully.","service":"user-service","timestamp":"2026-02-15T05:10:08.479Z"}
{"level":"info","message":"Server is running on port 3000","service":"user-service","timestamp":"2026-02-15T05:10:08.492Z"}
{"level":"info","message":"::1 - - [15/Feb/2026:05:10:16 +0000] \"POST /api/v1/users/register HTTP/1.1\" 201 617 \"-\" \"node\"","service":"user-service","timestamp":"2026-02-15T05:10:16.615Z"}
{"level":"info","message":"Database connection established successfully.","service":"user-service","timestamp":"2026-02-15T05:11:48.236Z"}
{"level":"info","message":"Server is running on port 3000","service":"user-service","timestamp":"2026-02-15T05:11:48.245Z"}
{"level":"info","message":"Database connection established successfully.","service":"user-service","timestamp":"2026-02-15T05:12:47.417Z"}
{"level":"info","message":"Server is running on port 3000","service":"user-service","timestamp":"2026-02-15T05:12:47.426Z"}
{"level":"info","message":"Database connection established successfully.","service":"user-service","timestamp":"2026-02-15T05:13:04.259Z"}
{"level":"info","message":"Server is running on port 3000","service":"user-service","timestamp":"2026-02-15T05:13:04.279Z"}
{"level":"info","message":"Database connection established successfully.","service":"user-service","timestamp":"2026-02-15T05:14:18.237Z"}
{"level":"info","message":"Server is running on port 3000","service":"user-service","timestamp":"2026-02-15T05:14:18.247Z"}
{"level":"info","message":"Database connection established successfully.","service":"user-service","timestamp":"2026-02-15T05:24:27.122Z"}
{"level":"info","message":"Server is running on port 3000","service":"user-service","timestamp":"2026-02-15T05:24:27.136Z"}
{"level":"info","message":"Database connection established successfully.","service":"user-service","timestamp":"2026-02-15T05:24:35.712Z"}
{"level":"info","message":"Server is running on port 3000","service":"user-service","timestamp":"2026-02-15T05:24:35.730Z"}
{"level":"info","message":"Database connection established successfully.","service":"user-service","timestamp":"2026-02-15T05:24:48.078Z"}
{"level":"info","message":"Server is running on port 3000","service":"user-service","timestamp":"2026-02-15T05:24:48.088Z"}
{"level":"error","message":"Expected property name or '}' in JSON at position 1 (line 1 column 2)","service":"user-service","stack":"SyntaxError: Expected property name or '}' in JSON at position 1 (line 1 column 2)\n    at JSON.parse (<anonymous>)\n    at parse (C:\\Users\\Lenovo\\Documents\\TASK\\multi-tenant-tasks-back\\node_modules\\body-parser\\lib\\types\\json.js:72:19)\n    at C:\\Users\\Lenovo\\Documents\\TASK\\multi-tenant-tasks-back\\node_modules\\body-parser\\lib\\read.js:162:18\n    at AsyncResource.runInAsyncScope (node:async_hooks:214:14)\n    at invokeCallback (C:\\Users\\Lenovo\\Documents\\TASK\\multi-tenant-tasks-back\\node_modules\\raw-body\\index.js:238:16)\n    at done (C:\\Users\\Lenovo\\Documents\\TASK\\multi-tenant-tasks-back\\node_modules\\raw-body\\index.js:227:7)\n    at IncomingMessage.onEnd (C:\\Users\\Lenovo\\Documents\\TASK\\multi-tenant-tasks-back\\node_modules\\raw-body\\index.js:287:7)\n    at IncomingMessage.emit (node:events:508:28)\n    at IncomingMessage.emit (node:domain:489:12)\n    at endReadableNT (node:internal/streams/readable:1701:12)","timestamp":"2026-02-15T05:25:53.244Z"}
{"level":"error","message":"Cannot destructure property 'name' of 'req.body' as it is undefined.","service":"user-service","stack":"TypeError: Cannot destructure property 'name' of 'req.body' as it is undefined.\n    at create (C:\\Users\\Lenovo\\Documents\\TASK\\multi-tenant-tasks-back\\src\\controllers\\organizationController.ts:6:13)\n    at Layer.handleRequest (C:\\Users\\Lenovo\\Documents\\TASK\\multi-tenant-tasks-back\\node_modules\\router\\lib\\layer.js:152:17)\n    at next (C:\\Users\\Lenovo\\Documents\\TASK\\multi-tenant-tasks-back\\node_modules\\router\\lib\\route.js:157:13)\n    at C:\\Users\\Lenovo\\Documents\\TASK\\multi-tenant-tasks-back\\src\\middlewares\\validate.ts:14:5\n    at Layer.handleRequest (C:\\Users\\Lenovo\\Documents\\TASK\\multi-tenant-tasks-back\\node_modules\\router\\lib\\layer.js:152:17)\n    at next (C:\\Users\\Lenovo\\Documents\\TASK\\multi-tenant-tasks-back\\node_modules\\router\\lib\\route.js:157:13)\n    at Route.dispatch (C:\\Users\\Lenovo\\Documents\\TASK\\multi-tenant-tasks-back\\node_modules\\router\\lib\\route.js:117:3)\n    at handle (C:\\Users\\Lenovo\\Documents\\TASK\\multi-tenant-tasks-back\\node_modules\\router\\index.js:435:11)\n    at Layer.handleRequest (C:\\Users\\Lenovo\\Documents\\TASK\\multi-tenant-tasks-back\\node_modules\\router\\lib\\layer.js:152:17)\n    at C:\\Users\\Lenovo\\Documents\\TASK\\multi-tenant-tasks-back\\node_modules\\router\\index.js:295:15","timestamp":"2026-02-15T05:26:09.370Z"}
{"level":"info","message":"::1 - - [15/Feb/2026:05:26:09 +0000] \"POST /api/v1/organizations HTTP/1.1\" 500 1428 \"-\" \"curl/8.13.0\"","service":"user-service","timestamp":"2026-02-15T05:26:09.389Z"}
{"level":"info","message":"::1 - - [15/Feb/2026:05:26:37 +0000] \"POST /api/v1/organizations HTTP/1.1\" 201 178 \"-\" \"-\"","service":"user-service","timestamp":"2026-02-15T05:26:37.584Z"}
{"level":"info","message":"Database connection established successfully.","service":"user-service","timestamp":"2026-02-15T05:31:12.166Z"}
{"level":"info","message":"Server is running on port 3000","service":"user-service","timestamp":"2026-02-15T05:31:12.176Z"}
{"level":"info","message":"::1 - - [15/Feb/2026:05:31:19 +0000] \"POST /api/v1/organizations HTTP/1.1\" 400 64 \"-\" \"-\"","service":"user-service","timestamp":"2026-02-15T05:31:19.059Z"}
{"level":"info","message":"::1 - - [15/Feb/2026:05:31:19 +0000] \"POST /api/v1/organizations HTTP/1.1\" 400 41 \"-\" \"-\"","service":"user-service","timestamp":"2026-02-15T05:31:19.086Z"}
{"level":"info","message":"::1 - - [15/Feb/2026:05:31:19 +0000] \"POST /api/v1/organizations HTTP/1.1\" 201 163 \"-\" \"-\"","service":"user-service","timestamp":"2026-02-15T05:31:19.144Z"}
{"level":"info","message":"Database connection established successfully.","service":"user-service","timestamp":"2026-02-15T05:34:04.279Z"}
{"level":"info","message":"Server is running on port 3000","service":"user-service","timestamp":"2026-02-15T05:34:04.288Z"}
{"level":"info","message":"Database connection established successfully.","service":"user-service","timestamp":"2026-02-15T05:34:26.127Z"}
{"level":"info","message":"Server is running on port 3000","service":"user-service","timestamp":"2026-02-15T05:34:26.135Z"}
{"level":"info","message":"Database connection established successfully.","service":"user-service","timestamp":"2026-02-15T05:35:19.873Z"}
{"level":"info","message":"Server is running on port 3000","service":"user-service","timestamp":"2026-02-15T05:35:19.889Z"}
{"level":"info","message":"Database connection established successfully.","service":"user-service","timestamp":"2026-02-15T05:35:48.781Z"}
{"level":"info","message":"Server is running on port 3000","service":"user-service","timestamp":"2026-02-15T05:35:48.790Z"}
{"level":"info","message":"Database connection established successfully.","service":"user-service","timestamp":"2026-02-15T05:37:53.349Z"}
{"level":"info","message":"Server is running on port 3000","service":"user-service","timestamp":"2026-02-15T05:37:53.371Z"}
{"level":"info","message":"Database connection established successfully.","service":"user-service","timestamp":"2026-02-15T05:38:06.733Z"}
{"level":"info","message":"Server is running on port 3000","service":"user-service","timestamp":"2026-02-15T05:38:06.752Z"}
{"level":"info","message":"::1 - - [15/Feb/2026:05:38:09 +0000] \"POST /api/v1/organizations HTTP/1.1\" 201 146 \"-\" \"-\"","service":"user-service","timestamp":"2026-02-15T05:38:09.277Z"}
{"level":"info","message":"Database connection established successfully.","service":"user-service","timestamp":"2026-02-15T05:42:01.843Z"}
{"level":"info","message":"Server is running on port 3000","service":"user-service","timestamp":"2026-02-15T05:42:01.857Z"}
{"level":"info","message":"Database connection established successfully.","service":"user-service","timestamp":"2026-02-15T05:44:49.031Z"}
{"level":"info","message":"Server is running on port 3000","service":"user-service","timestamp":"2026-02-15T05:44:49.039Z"}
{"level":"info","message":"::1 - - [15/Feb/2026:05:48:56 +0000] \"POST /api/v1/users/register HTTP/1.1\" 201 593 \"-\" \"node\"","service":"user-service","timestamp":"2026-02-15T05:48:56.521Z"}
{"level":"info","message":"Database connection established successfully.","service":"user-service","timestamp":"2026-02-15T05:54:16.054Z"}
{"level":"info","message":"Server is running on port 3000","service":"user-service","timestamp":"2026-02-15T05:54:16.069Z"}
{"level":"info","message":"Database connection established successfully.","service":"user-service","timestamp":"2026-02-15T05:54:16.631Z"}
{"level":"info","message":"Server is running on port 3000","service":"user-service","timestamp":"2026-02-15T05:54:16.644Z"}
{"level":"info","message":"::1 - - [15/Feb/2026:05:54:28 +0000] \"POST /api/v1/users/register HTTP/1.1\" 201 593 \"-\" \"node\"","service":"user-service","timestamp":"2026-02-15T05:54:28.526Z"}
{"level":"info","message":"Database connection established successfully.","service":"user-service","timestamp":"2026-02-15T05:55:12.288Z"}
{"level":"info","message":"Server is running on port 3000","service":"user-service","timestamp":"2026-02-15T05:55:12.308Z"}
{"level":"info","message":"Database connection established successfully.","service":"user-service","timestamp":"2026-02-15T05:55:12.375Z"}
{"level":"info","message":"Server is running on port 3000","service":"user-service","timestamp":"2026-02-15T05:55:12.393Z"}
{"level":"info","message":"Database connection established successfully.","service":"user-service","timestamp":"2026-02-15T05:55:43.828Z"}
{"level":"info","message":"Server is running on port 3000","service":"user-service","timestamp":"2026-02-15T05:55:43.839Z"}
{"level":"info","message":"Database connection established successfully.","service":"user-service","timestamp":"2026-02-15T05:55:44.252Z"}
{"level":"info","message":"Server is running on port 3000","service":"user-service","timestamp":"2026-02-15T05:55:44.266Z"}
{"level":"info","message":"Database connection established successfully.","service":"user-service","timestamp":"2026-02-15T05:55:58.393Z"}
{"level":"info","message":"Server is running on port 3000","service":"user-service","timestamp":"2026-02-15T05:55:58.408Z"}
{"level":"info","message":"Database connection established successfully.","service":"user-service","timestamp":"2026-02-15T05:55:58.556Z"}
{"level":"info","message":"Server is running on port 3000","service":"user-service","timestamp":"2026-02-15T05:55:58.569Z"}
{"level":"info","message":"Database connection established successfully.","service":"user-service","timestamp":"2026-02-15T06:23:26.438Z"}
{"level":"info","message":"Server is running on port 3000","service":"user-service","timestamp":"2026-02-15T06:23:26.447Z"}
{"level":"info","message":"Database connection established successfully.","service":"user-service","timestamp":"2026-02-15T06:23:26.653Z"}
{"level":"info","message":"Server is running on port 3000","service":"user-service","timestamp":"2026-02-15T06:23:26.661Z"}
{"level":"info","message":"::1 - - [15/Feb/2026:06:23:41 +0000] \"POST /api/v1/users/register HTTP/1.1\" 201 593 \"-\" \"node\"","service":"user-service","timestamp":"2026-02-15T06:23:41.031Z"}
{"level":"info","message":"::1 - - [15/Feb/2026:06:23:41 +0000] \"POST /api/v1/users/register HTTP/1.1\" 400 45 \"-\" \"node\"","service":"user-service","timestamp":"2026-02-15T06:23:41.046Z"}
{"level":"info","message":"::1 - - [15/Feb/2026:06:23:41 +0000] \"POST /api/v1/users/register HTTP/1.1\" 400 68 \"-\" \"node\"","service":"user-service","timestamp":"2026-02-15T06:23:41.056Z"}
{"level":"info","message":"::1 - - [15/Feb/2026:06:23:41 +0000] \"POST /api/v1/users/register HTTP/1.1\" 400 44 \"-\" \"node\"","service":"user-service","timestamp":"2026-02-15T06:23:41.063Z"}
{"level":"info","message":"Database connection established successfully.","service":"user-service","timestamp":"2026-02-15T06:27:31.931Z"}
{"level":"info","message":"Server is running on port 3000","service":"user-service","timestamp":"2026-02-15T06:27:31.942Z"}
{"level":"info","message":"Database connection established successfully.","service":"user-service","timestamp":"2026-02-15T06:27:32.343Z"}
{"level":"info","message":"Server is running on port 3000","service":"user-service","timestamp":"2026-02-15T06:27:32.350Z"}
{"level":"info","message":"::1 - - [15/Feb/2026:06:27:35 +0000] \"POST /api/v1/users/register HTTP/1.1\" 201 593 \"-\" \"node\"","service":"user-service","timestamp":"2026-02-15T06:27:35.253Z"}
{"level":"info","message":"::1 - - [15/Feb/2026:06:27:35 +0000] \"POST /api/v1/users/register HTTP/1.1\" 400 45 \"-\" \"node\"","service":"user-service","timestamp":"2026-02-15T06:27:35.267Z"}
{"level":"info","message":"::1 - - [15/Feb/2026:06:27:35 +0000] \"POST /api/v1/users/register HTTP/1.1\" 400 33 \"-\" \"node\"","service":"user-service","timestamp":"2026-02-15T06:27:35.286Z"}
{"level":"info","message":"::1 - - [15/Feb/2026:06:27:35 +0000] \"POST /api/v1/users/register HTTP/1.1\" 400 44 \"-\" \"node\"","service":"user-service","timestamp":"2026-02-15T06:27:35.294Z"}
{"level":"info","message":"::1 - - [15/Feb/2026:06:28:03 +0000] \"POST /api/v1/users/register HTTP/1.1\" 201 593 \"-\" \"node\"","service":"user-service","timestamp":"2026-02-15T06:28:03.201Z"}
{"level":"info","message":"::1 - - [15/Feb/2026:06:28:03 +0000] \"POST /api/v1/users/register HTTP/1.1\" 400 45 \"-\" \"node\"","service":"user-service","timestamp":"2026-02-15T06:28:03.221Z"}
{"level":"info","message":"::1 - - [15/Feb/2026:06:28:03 +0000] \"POST /api/v1/users/register HTTP/1.1\" 400 33 \"-\" \"node\"","service":"user-service","timestamp":"2026-02-15T06:28:03.238Z"}
{"level":"info","message":"::1 - - [15/Feb/2026:06:28:03 +0000] \"POST /api/v1/users/register HTTP/1.1\" 400 44 \"-\" \"node\"","service":"user-service","timestamp":"2026-02-15T06:28:03.246Z"}
{"level":"info","message":"Database connection established successfully.","service":"user-service","timestamp":"2026-02-15T06:28:58.343Z"}
{"level":"info","message":"Server is running on port 3000","service":"user-service","timestamp":"2026-02-15T06:28:58.353Z"}
{"level":"info","message":"Database connection established successfully.","service":"user-service","timestamp":"2026-02-15T06:28:58.539Z"}
{"level":"info","message":"Server is running on port 3000","service":"user-service","timestamp":"2026-02-15T06:28:58.549Z"}
{"level":"info","message":"::1 - - [15/Feb/2026:06:29:02 +0000] \"POST /api/v1/users/register HTTP/1.1\" 201 596 \"-\" \"node\"","service":"user-service","timestamp":"2026-02-15T06:29:02.590Z"}
{"level":"info","message":"::1 - - [15/Feb/2026:06:29:02 +0000] \"POST /api/v1/users/register HTTP/1.1\" 400 45 \"-\" \"node\"","service":"user-service","timestamp":"2026-02-15T06:29:02.605Z"}
{"level":"info","message":"::1 - - [15/Feb/2026:06:29:02 +0000] \"POST /api/v1/users/register HTTP/1.1\" 400 33 \"-\" \"node\"","service":"user-service","timestamp":"2026-02-15T06:29:02.620Z"}
{"level":"info","message":"::1 - - [15/Feb/2026:06:29:02 +0000] \"POST /api/v1/users/register HTTP/1.1\" 400 44 \"-\" \"node\"","service":"user-service","timestamp":"2026-02-15T06:29:02.627Z"}
{"level":"info","message":"Database connection established successfully.","service":"user-service","timestamp":"2026-02-15T06:29:21.530Z"}
{"level":"info","message":"Server is running on port 3000","service":"user-service","timestamp":"2026-02-15T06:29:21.543Z"}
{"level":"info","message":"Database connection established successfully.","service":"user-service","timestamp":"2026-02-15T06:29:21.660Z"}
{"level":"info","message":"Server is running on port 3000","service":"user-service","timestamp":"2026-02-15T06:29:21.667Z"}
{"level":"info","message":"Database connection established successfully.","service":"user-service","timestamp":"2026-02-15T06:32:14.056Z"}
{"level":"info","message":"Server is running on port 3000","service":"user-service","timestamp":"2026-02-15T06:32:14.064Z"}
{"level":"info","message":"Database connection established successfully.","service":"user-service","timestamp":"2026-02-15T06:32:14.257Z"}
{"level":"info","message":"Server is running on port 3000","service":"user-service","timestamp":"2026-02-15T06:32:14.263Z"}
{"level":"info","message":"Database connection established successfully.","service":"user-service","timestamp":"2026-02-15T06:32:52.670Z"}
{"level":"info","message":"Server is running on port 3000","service":"user-service","timestamp":"2026-02-15T06:32:52.682Z"}
{"level":"info","message":"Database connection established successfully.","service":"user-service","timestamp":"2026-02-15T06:32:52.683Z"}
{"level":"info","message":"Server is running on port 3000","service":"user-service","timestamp":"2026-02-15T06:32:52.692Z"}
{"level":"info","message":"::1 - - [15/Feb/2026:06:32:56 +0000] \"POST /api/v1/users/register HTTP/1.1\" 201 593 \"-\" \"node\"","service":"user-service","timestamp":"2026-02-15T06:32:56.756Z"}
{"level":"info","message":"::1 - - [15/Feb/2026:06:32:56 +0000] \"POST /api/v1/users/register HTTP/1.1\" 400 45 \"-\" \"node\"","service":"user-service","timestamp":"2026-02-15T06:32:56.771Z"}
{"level":"info","message":"::1 - - [15/Feb/2026:06:32:56 +0000] \"POST /api/v1/users/register HTTP/1.1\" 400 105 \"-\" \"node\"","service":"user-service","timestamp":"2026-02-15T06:32:56.784Z"}
{"level":"info","message":"::1 - - [15/Feb/2026:06:32:56 +0000] \"POST /api/v1/users/register HTTP/1.1\" 400 44 \"-\" \"node\"","service":"user-service","timestamp":"2026-02-15T06:32:56.791Z"}
{"level":"info","message":"Database connection established successfully.","service":"user-service","timestamp":"2026-02-15T06:36:36.418Z"}
{"level":"info","message":"Server is running on port 3000","service":"user-service","timestamp":"2026-02-15T06:36:36.427Z"}
{"level":"info","message":"Database connection established successfully.","service":"user-service","timestamp":"2026-02-15T06:36:36.433Z"}
{"level":"info","message":"Server is running on port 3000","service":"user-service","timestamp":"2026-02-15T06:36:36.440Z"}
{"level":"info","message":"Database connection established successfully.","service":"user-service","timestamp":"2026-02-15T06:37:48.765Z"}
{"level":"info","message":"Server is running on port 3000","service":"user-service","timestamp":"2026-02-15T06:37:48.777Z"}
{"level":"info","message":"Database connection established successfully.","service":"user-service","timestamp":"2026-02-15T06:37:48.877Z"}
{"level":"info","message":"Server is running on port 3000","service":"user-service","timestamp":"2026-02-15T06:37:48.885Z"}
{"level":"info","message":"Database connection established successfully.","service":"user-service","timestamp":"2026-02-15T06:38:09.966Z"}
{"level":"info","message":"Server is running on port 3000","service":"user-service","timestamp":"2026-02-15T06:38:09.976Z"}
{"level":"info","message":"Database connection established successfully.","service":"user-service","timestamp":"2026-02-15T06:38:10.093Z"}
{"level":"info","message":"Server is running on port 3000","service":"user-service","timestamp":"2026-02-15T06:38:10.103Z"}
{"level":"info","message":"Database connection established successfully.","service":"user-service","timestamp":"2026-02-15T06:39:00.540Z"}
{"level":"info","message":"Server is running on port 3000","service":"user-service","timestamp":"2026-02-15T06:39:00.552Z"}
{"level":"info","message":"Database connection established successfully.","service":"user-service","timestamp":"2026-02-15T06:39:00.604Z"}
{"level":"info","message":"Server is running on port 3000","service":"user-service","timestamp":"2026-02-15T06:39:00.611Z"}
{"level":"info","message":"Database connection established successfully.","service":"user-service","timestamp":"2026-02-15T06:56:09.832Z"}
{"level":"info","message":"Database connection established successfully.","service":"user-service","timestamp":"2026-02-15T06:56:09.835Z"}
{"level":"info","message":"Server is running on port 3000","service":"user-service","timestamp":"2026-02-15T06:56:09.844Z"}
{"level":"info","message":"Server is running on port 3000","service":"user-service","timestamp":"2026-02-15T06:56:09.845Z"}
{"level":"info","message":"Database connection established successfully.","service":"user-service","timestamp":"2026-02-15T06:56:47.024Z"}
{"level":"info","message":"Server is running on port 3000","service":"user-service","timestamp":"2026-02-15T06:56:47.041Z"}
{"level":"info","message":"Database connection established successfully.","service":"user-service","timestamp":"2026-02-15T06:56:47.081Z"}
{"level":"info","message":"Server is running on port 3000","service":"user-service","timestamp":"2026-02-15T06:56:47.088Z"}
{"level":"info","message":"Database connection established successfully.","service":"user-service","timestamp":"2026-02-15T06:57:24.119Z"}
{"level":"info","message":"Server is running on port 3000","service":"user-service","timestamp":"2026-02-15T06:57:24.129Z"}
{"level":"info","message":"Database connection established successfully.","service":"user-service","timestamp":"2026-02-15T06:57:24.214Z"}
{"level":"info","message":"Server is running on port 3000","service":"user-service","timestamp":"2026-02-15T06:57:24.220Z"}
{"level":"info","message":"Database connection established successfully.","service":"user-service","timestamp":"2026-02-15T06:57:48.852Z"}
{"level":"info","message":"Server is running on port 3000","service":"user-service","timestamp":"2026-02-15T06:57:48.861Z"}
{"level":"info","message":"Database connection established successfully.","service":"user-service","timestamp":"2026-02-15T06:57:48.860Z"}
{"level":"info","message":"Server is running on port 3000","service":"user-service","timestamp":"2026-02-15T06:57:48.869Z"}
{"level":"info","message":"Database connection established successfully.","service":"user-service","timestamp":"2026-02-15T06:58:42.923Z"}
{"level":"info","message":"Database connection established successfully.","service":"user-service","timestamp":"2026-02-15T06:58:42.928Z"}
{"level":"info","message":"Server is running on port 3000","service":"user-service","timestamp":"2026-02-15T06:58:42.933Z"}
{"level":"info","message":"Server is running on port 3000","service":"user-service","timestamp":"2026-02-15T06:58:42.936Z"}
{"level":"info","message":"Database connection established successfully.","service":"user-service","timestamp":"2026-02-15T07:03:29.279Z"}
{"level":"info","message":"Server is running on port 3000","service":"user-service","timestamp":"2026-02-15T07:03:29.290Z"}
{"level":"info","message":"Database connection established successfully.","service":"user-service","timestamp":"2026-02-15T07:03:29.493Z"}
{"level":"info","message":"Server is running on port 3000","service":"user-service","timestamp":"2026-02-15T07:03:29.499Z"}
{"level":"info","message":"Database connection established successfully.","service":"user-service","timestamp":"2026-02-15T07:04:20.306Z"}
{"level":"info","message":"Server is running on port 3000","service":"user-service","timestamp":"2026-02-15T07:04:20.314Z"}
{"level":"info","message":"Database connection established successfully.","service":"user-service","timestamp":"2026-02-15T07:04:20.434Z"}
{"level":"info","message":"Server is running on port 3000","service":"user-service","timestamp":"2026-02-15T07:04:20.440Z"}
{"level":"info","message":"Database connection established successfully.","service":"user-service","timestamp":"2026-02-15T07:04:46.269Z"}
{"level":"info","message":"Server is running on port 3000","service":"user-service","timestamp":"2026-02-15T07:04:46.281Z"}
{"level":"info","message":"Database connection established successfully.","service":"user-service","timestamp":"2026-02-15T07:04:46.506Z"}
{"level":"info","message":"Server is running on port 3000","service":"user-service","timestamp":"2026-02-15T07:04:46.512Z"}
{"level":"info","message":"Database connection established successfully.","service":"user-service","timestamp":"2026-02-15T07:09:17.298Z"}
{"level":"info","message":"Server is running on port 3000","service":"user-service","timestamp":"2026-02-15T07:09:17.311Z"}
{"level":"info","message":"Database connection established successfully.","service":"user-service","timestamp":"2026-02-15T07:09:17.448Z"}
{"level":"info","message":"Server is running on port 3000","service":"user-service","timestamp":"2026-02-15T07:09:17.454Z"}
{"level":"info","message":"Database connection established successfully.","service":"user-service","timestamp":"2026-02-15T08:03:01.374Z"}
{"level":"info","message":"Database connection established successfully.","service":"user-service","timestamp":"2026-02-15T08:03:01.375Z"}
{"level":"info","message":"Server is running on port 3000","service":"user-service","timestamp":"2026-02-15T08:03:01.392Z"}
{"level":"info","message":"Server is running on port 3000","service":"user-service","timestamp":"2026-02-15T08:03:01.394Z"}
{"level":"info","message":"Database connection established successfully.","service":"user-service","timestamp":"2026-02-15T08:04:41.193Z"}
{"level":"info","message":"Database connection established successfully.","service":"user-service","timestamp":"2026-02-15T08:04:41.196Z"}
{"level":"info","message":"Server is running on port 3000","service":"user-service","timestamp":"2026-02-15T08:04:41.204Z"}
{"level":"info","message":"Server is running on port 3000","service":"user-service","timestamp":"2026-02-15T08:04:41.208Z"}
{"level":"info","message":"Database connection established successfully.","service":"user-service","timestamp":"2026-02-15T08:04:59.531Z"}
{"level":"info","message":"Server is running on port 3000","service":"user-service","timestamp":"2026-02-15T08:04:59.542Z"}
{"level":"info","message":"Database connection established successfully.","service":"user-service","timestamp":"2026-02-15T08:05:00.149Z"}
{"level":"info","message":"Server is running on port 3000","service":"user-service","timestamp":"2026-02-15T08:05:00.160Z"}
{"level":"info","message":"Database connection established successfully.","service":"user-service","timestamp":"2026-02-15T08:10:23.300Z"}
{"level":"info","message":"Server is running on port 3000","service":"user-service","timestamp":"2026-02-15T08:10:23.311Z"}
{"level":"info","message":"Database connection established successfully.","service":"user-service","timestamp":"2026-02-15T08:10:23.339Z"}
{"level":"info","message":"Server is running on port 3000","service":"user-service","timestamp":"2026-02-15T08:10:23.349Z"}
{"level":"info","message":"Database connection established successfully.","service":"user-service","timestamp":"2026-02-15T08:10:47.736Z"}
{"level":"info","message":"Server is running on port 3000","service":"user-service","timestamp":"2026-02-15T08:10:47.762Z"}
{"level":"info","message":"Database connection established successfully.","service":"user-service","timestamp":"2026-02-15T08:10:47.899Z"}
{"level":"info","message":"Server is running on port 3000","service":"user-service","timestamp":"2026-02-15T08:10:47.922Z"}
{"level":"info","message":"Database connection established successfully.","service":"user-service","timestamp":"2026-02-15T08:11:20.853Z"}
{"level":"info","message":"Server is running on port 3000","service":"user-service","timestamp":"2026-02-15T08:11:20.880Z"}
{"level":"info","message":"Database connection established successfully.","service":"user-service","timestamp":"2026-02-15T08:11:21.550Z"}
{"level":"info","message":"Server is running on port 3000","service":"user-service","timestamp":"2026-02-15T08:11:21.562Z"}
{"level":"info","message":"Database connection established successfully.","service":"user-service","timestamp":"2026-02-15T08:11:49.987Z"}
{"level":"info","message":"Server is running on port 3000","service":"user-service","timestamp":"2026-02-15T08:11:50.000Z"}
{"level":"info","message":"Database connection established successfully.","service":"user-service","timestamp":"2026-02-15T08:11:50.168Z"}
{"level":"info","message":"Server is running on port 3000","service":"user-service","timestamp":"2026-02-15T08:11:50.183Z"}
{"level":"info","message":"Database connection established successfully.","service":"user-service","timestamp":"2026-02-15T08:12:18.762Z"}
{"level":"info","message":"Server is running on port 3000","service":"user-service","timestamp":"2026-02-15T08:12:18.781Z"}
{"level":"info","message":"Database connection established successfully.","service":"user-service","timestamp":"2026-02-15T08:12:19.066Z"}
{"level":"info","message":"Server is running on port 3000","service":"user-service","timestamp":"2026-02-15T08:12:19.082Z"}
{"level":"info","message":"Database connection established successfully.","service":"user-service","timestamp":"2026-02-15T08:13:26.194Z"}
{"level":"info","message":"Server is running on port 3000","service":"user-service","timestamp":"2026-02-15T08:13:26.207Z"}
{"level":"info","message":"Database connection established successfully.","service":"user-service","timestamp":"2026-02-15T08:13:26.396Z"}
{"level":"info","message":"Server is running on port 3000","service":"user-service","timestamp":"2026-02-15T08:13:26.404Z"}
{"level":"info","message":"Database connection established successfully.","service":"user-service","timestamp":"2026-02-15T08:13:54.426Z"}
{"level":"info","message":"Server is running on port 3000","service":"user-service","timestamp":"2026-02-15T08:13:54.439Z"}
{"level":"info","message":"Database connection established successfully.","service":"user-service","timestamp":"2026-02-15T08:13:54.573Z"}
{"level":"info","message":"Server is running on port 3000","service":"user-service","timestamp":"2026-02-15T08:13:54.586Z"}
{"level":"info","message":"Database connection established successfully.","service":"user-service","timestamp":"2026-02-15T08:20:07.463Z"}
{"level":"info","message":"Server is running on port 3000","service":"user-service","timestamp":"2026-02-15T08:20:07.476Z"}
{"level":"info","message":"Database connection established successfully.","service":"user-service","timestamp":"2026-02-15T08:20:07.507Z"}
{"level":"info","message":"Server is running on port 3000","service":"user-service","timestamp":"2026-02-15T08:20:07.516Z"}
{"level":"info","message":"Database connection established successfully.","service":"user-service","timestamp":"2026-02-15T08:20:25.417Z"}
{"level":"info","message":"Database connection established successfully.","service":"user-service","timestamp":"2026-02-15T08:20:25.417Z"}
{"level":"info","message":"Server is running on port 3000","service":"user-service","timestamp":"2026-02-15T08:20:25.429Z"}
{"level":"info","message":"Server is running on port 3000","service":"user-service","timestamp":"2026-02-15T08:20:25.432Z"}
{"level":"info","message":"Database connection established successfully.","service":"user-service","timestamp":"2026-02-15T08:22:30.388Z"}
{"level":"info","message":"Server is running on port 3000","service":"user-service","timestamp":"2026-02-15T08:22:30.448Z"}
{"level":"info","message":"Database connection established successfully.","service":"user-service","timestamp":"2026-02-15T08:22:30.501Z"}
{"level":"info","message":"Server is running on port 3000","service":"user-service","timestamp":"2026-02-15T08:22:30.519Z"}
{"level":"info","message":"Database connection established successfully.","service":"user-service","timestamp":"2026-02-15T08:22:30.609Z"}
{"level":"info","message":"Server is running on port 3000","service":"user-service","timestamp":"2026-02-15T08:22:30.624Z"}
{"level":"info","message":"Database connection established successfully.","service":"user-service","timestamp":"2026-02-15T08:27:35.025Z"}
{"level":"info","message":"Server is running on port 3000","service":"user-service","timestamp":"2026-02-15T08:27:35.040Z"}
{"level":"info","message":"Database connection established successfully.","service":"user-service","timestamp":"2026-02-15T08:27:35.066Z"}
{"level":"info","message":"Server is running on port 3000","service":"user-service","timestamp":"2026-02-15T08:27:35.078Z"}
{"level":"info","message":"Database connection established successfully.","service":"user-service","timestamp":"2026-02-15T08:29:28.979Z"}
{"level":"info","message":"Server is running on port 3000","service":"user-service","timestamp":"2026-02-15T08:29:28.992Z"}
{"level":"info","message":"Database connection established successfully.","service":"user-service","timestamp":"2026-02-15T08:29:29.082Z"}
{"level":"info","message":"Server is running on port 3000","service":"user-service","timestamp":"2026-02-15T08:29:29.093Z"}
{"level":"info","message":"Database connection established successfully.","service":"user-service","timestamp":"2026-02-15T08:30:59.645Z"}
{"level":"info","message":"Server is running on port 3000","service":"user-service","timestamp":"2026-02-15T08:30:59.661Z"}
{"level":"info","message":"Database connection established successfully.","service":"user-service","timestamp":"2026-02-15T08:30:59.692Z"}
{"level":"info","message":"Server is running on port 3000","service":"user-service","timestamp":"2026-02-15T08:30:59.702Z"}
{"level":"info","message":"Database connection established successfully.","service":"user-service","timestamp":"2026-02-15T08:33:51.644Z"}
{"level":"info","message":"Server is running on port 3000","service":"user-service","timestamp":"2026-02-15T08:33:51.660Z"}
{"level":"info","message":"Database connection established successfully.","service":"user-service","timestamp":"2026-02-15T08:33:52.008Z"}
{"level":"info","message":"Server is running on port 3000","service":"user-service","timestamp":"2026-02-15T08:33:52.023Z"}
